
+++++++++++++++++++++++
Time: 2022-07-21 19:47:28.156085
API: QWQdYEy85cFvsmmut05waMddNPv0UgU0VPK9tQLUvFwKAlB3DfaPuk1uuEPQEdZp
Secret: xVJkZxGsVXUfkX6ybvUn3ebE2gPgPHzqRWu6O7kG3ALZUo0WFL70nDMviGOy0NTy
=======================
Strategy Name: EMA_Strategy
Strategy Parameter: {'Strategy_Name': 'EMA_Strategy', 'short_period': 40, 'long_period': 150}
=======================
Trading Office Name: Binance
Trading Office Parameter: {'Trading_Office_Name': 'Binance', 'Symbol': 'ETHUSDT', 'leverage': 2, 'Parameters': {'timeframe': '4h', 'startDate': '3 month ago UTC'}}
=======================
Money: 728.13982755 Storage: {'BTC': 0.0, 'ETH': 0.0}
<Strategies.EMA_Strategy object at 0x7f4d6fbc7a60>
<Trading_Offices.Binance object at 0x7f4d6fbc6d10>

+++++++++++++++++++++++
Time: 2022-07-21 23:47:28.935596
API: QWQdYEy85cFvsmmut05waMddNPv0UgU0VPK9tQLUvFwKAlB3DfaPuk1uuEPQEdZp
Secret: xVJkZxGsVXUfkX6ybvUn3ebE2gPgPHzqRWu6O7kG3ALZUo0WFL70nDMviGOy0NTy
=======================
Strategy Name: EMA_Strategy
Strategy Parameter: {'Strategy_Name': 'EMA_Strategy', 'short_period': 40, 'long_period': 150}
=======================
Trading Office Name: Binance
Trading Office Parameter: {'Trading_Office_Name': 'Binance', 'Symbol': 'ETHUSDT', 'leverage': 2, 'Parameters': {'timeframe': '4h', 'startDate': '3 month ago UTC'}}
=======================
Money: 728.13982755 Storage: {'BTC': 0.0, 'ETH': 0.0}
<Strategies.EMA_Strategy object at 0x7f4d6fbfbc10>
<Trading_Offices.Binance object at 0x7f4d6fbc7a60>

+++++++++++++++++++++++
Time: 2022-07-22 03:47:29.703483
API: QWQdYEy85cFvsmmut05waMddNPv0UgU0VPK9tQLUvFwKAlB3DfaPuk1uuEPQEdZp
Secret: xVJkZxGsVXUfkX6ybvUn3ebE2gPgPHzqRWu6O7kG3ALZUo0WFL70nDMviGOy0NTy
=======================
Strategy Name: EMA_Strategy
Strategy Parameter: {'Strategy_Name': 'EMA_Strategy', 'short_period': 40, 'long_period': 150}
=======================
Trading Office Name: Binance
Trading Office Parameter: {'Trading_Office_Name': 'Binance', 'Symbol': 'ETHUSDT', 'leverage': 2, 'Parameters': {'timeframe': '4h', 'startDate': '3 month ago UTC'}}
=======================
Money: 728.13982755 Storage: {'BTC': 0.0, 'ETH': 0.0}
<Strategies.EMA_Strategy object at 0x7f4d5a4a1ea0>
<Trading_Offices.Binance object at 0x7f4d6fbc6ce0>

+++++++++++++++++++++++
Time: 2022-07-22 07:47:30.513016
API: QWQdYEy85cFvsmmut05waMddNPv0UgU0VPK9tQLUvFwKAlB3DfaPuk1uuEPQEdZp
Secret: xVJkZxGsVXUfkX6ybvUn3ebE2gPgPHzqRWu6O7kG3ALZUo0WFL70nDMviGOy0NTy
=======================
Strategy Name: EMA_Strategy
Strategy Parameter: {'Strategy_Name': 'EMA_Strategy', 'short_period': 40, 'long_period': 150}
=======================
Trading Office Name: Binance
Trading Office Parameter: {'Trading_Office_Name': 'Binance', 'Symbol': 'ETHUSDT', 'leverage': 2, 'Parameters': {'timeframe': '4h', 'startDate': '3 month ago UTC'}}
=======================
Money: 728.13982755 Storage: {'BTC': 0.0, 'ETH': 0.0}
<Strategies.EMA_Strategy object at 0x7f4d5a4a1ea0>
<Trading_Offices.Binance object at 0x7f4d6fbc6ce0>
